0 info it worked if it ends with ok
1 verbose cli [ '/home/fabio/.nvm/versions/node/v6.9.1/bin/node',
1 verbose cli   '/home/fabio/.nvm/versions/node/v6.9.1/bin/npm',
1 verbose cli   'publish' ]
2 info using npm@3.10.8
3 info using node@v6.9.1
4 verbose publish [ '.' ]
5 silly cache add args [ '.', null ]
6 verbose cache add spec .
7 silly cache add parsed spec Result {
7 silly cache add   raw: '.',
7 silly cache add   scope: null,
7 silly cache add   escapedName: null,
7 silly cache add   name: null,
7 silly cache add   rawSpec: '.',
7 silly cache add   spec: '/home/fabio/Projects/every-index-of',
7 silly cache add   type: 'directory' }
8 verbose addLocalDirectory /home/fabio/.npm/every-index-of/1.2.0/package.tgz not in flight; packing
9 verbose correctMkdir /home/fabio/.npm correctMkdir not in flight; initializing
10 info lifecycle every-index-of@1.2.0~prepublish: every-index-of@1.2.0
11 silly lifecycle every-index-of@1.2.0~prepublish: no script for prepublish, continuing
12 verbose tar pack [ '/home/fabio/.npm/every-index-of/1.2.0/package.tgz',
12 verbose tar pack   '/home/fabio/Projects/every-index-of' ]
13 verbose tarball /home/fabio/.npm/every-index-of/1.2.0/package.tgz
14 verbose folder /home/fabio/Projects/every-index-of
15 verbose addLocalTarball adding from inside cache /home/fabio/.npm/every-index-of/1.2.0/package.tgz
16 verbose correctMkdir /home/fabio/.npm correctMkdir not in flight; initializing
17 silly cache afterAdd every-index-of@1.2.0
18 verbose afterAdd /home/fabio/.npm/every-index-of/1.2.0/package/package.json not in flight; writing
19 verbose correctMkdir /home/fabio/.npm correctMkdir not in flight; initializing
20 verbose afterAdd /home/fabio/.npm/every-index-of/1.2.0/package/package.json written
21 silly publish { name: 'every-index-of',
21 silly publish   version: '1.2.0',
21 silly publish   description: 'Returns every index o a given character in an string.',
21 silly publish   main: 'index.js',
21 silly publish   scripts: { test: 'echo \'everyIndexOf test mode...\'; jshint ./; ./node_modules/.bin/nodemon --exec mocha' },
21 silly publish   repository:
21 silly publish    { type: 'git',
21 silly publish      url: 'git+ssh://git@github.com/desoares1975/every-index-of.git' },
21 silly publish   keywords: [ 'all', 'indexes', 'of', 'string' ],
21 silly publish   author: { name: 'desoares' },
21 silly publish   license: 'MIT',
21 silly publish   bugs: { url: 'https://github.com/desoares1975/every-index-of/issues' },
21 silly publish   homepage: 'https://github.com/desoares1975/every-index-of#readme',
21 silly publish   devDependencies:
21 silly publish    { chai: '^3.5.0',
21 silly publish      jshint: '^2.9.1',
21 silly publish      mocha: '^2.4.5',
21 silly publish      nodemon: '^1.9.1' },
21 silly publish   dependencies: {},
21 silly publish   readme: '# every-index-of\n\nSimple piece of code tha returns every occurence of a single character in a string by it index.\n\n## Installation\n\n```bash\n$ npm install every-index-of\n```\n\n# Usage\n\n```js\nvar evrIndex = require(\'every-index-of\');\n\nlet all;\n\nevrIndex(\'m\', \'Common\', (err, indexes)=>{\n\tif (err) { throw err; }\n\n\tall = indexes;\n})\n\n```\n#Or the case sensitive vertion:\n\n```js\nvar evrIndex = require(\'every-index-of\');\n\nlet all;\n\nevrIndex(\'M\', \'Common\', true, (err, indexes)=>{\n    if (err) { throw err; }\n\n    all = indexes;\n})\n\n```\n\nShould return an array like so:\n\n```js\n-1\n```\n\n## Features\n\n  * Case insensetive\n  * return -1 if there are no occurences\n',
21 silly publish   readmeFilename: 'README.md',
21 silly publish   gitHead: '218dcce9c878b359e01ebab7bec209b7c01c79a7',
21 silly publish   _id: 'every-index-of@1.2.0',
21 silly publish   _shasum: '4e2af2b60ac08b4c5ece87e1a8d90438f963a336',
21 silly publish   _from: '.' }
22 verbose getPublishConfig undefined
23 silly mapToRegistry name every-index-of
24 silly mapToRegistry using default registry
25 silly mapToRegistry registry https://registry.npmjs.org/
26 silly mapToRegistry data Result {
26 silly mapToRegistry   raw: 'every-index-of',
26 silly mapToRegistry   scope: null,
26 silly mapToRegistry   escapedName: 'every-index-of',
26 silly mapToRegistry   name: 'every-index-of',
26 silly mapToRegistry   rawSpec: '',
26 silly mapToRegistry   spec: 'latest',
26 silly mapToRegistry   type: 'tag' }
27 silly mapToRegistry uri https://registry.npmjs.org/every-index-of
28 verbose publish registryBase https://registry.npmjs.org/
29 silly publish uploading /home/fabio/.npm/every-index-of/1.2.0/package.tgz
30 verbose request uri https://registry.npmjs.org/every-index-of
31 verbose request sending authorization for write operation
32 info attempt registry request try #1 at 10:20:11
33 verbose request using bearer token for auth
34 verbose request id ec92ca7cc53515bb
35 http request PUT https://registry.npmjs.org/every-index-of
36 http 403 https://registry.npmjs.org/every-index-of
37 verbose headers { 'content-type': 'application/json',
37 verbose headers   'cache-control': 'max-age=300',
37 verbose headers   'content-length': '95',
37 verbose headers   'accept-ranges': 'bytes',
37 verbose headers   date: 'Mon, 28 Nov 2016 12:20:12 GMT',
37 verbose headers   via: '1.1 varnish',
37 verbose headers   connection: 'keep-alive',
37 verbose headers   'x-served-by': 'cache-iad2145-IAD',
37 verbose headers   'x-cache': 'MISS',
37 verbose headers   'x-cache-hits': '0',
37 verbose headers   'x-timer': 'S1480335611.925422,VS0,VE502',
37 verbose headers   vary: 'Accept-Encoding' }
38 verbose request invalidating /home/fabio/.npm/registry.npmjs.org/every-index-of on PUT
39 error publish Failed PUT 403
40 verbose stack Error: "You cannot publish over the previously published version 1.2.0." : every-index-of
40 verbose stack     at makeError (/home/fabio/.nvm/versions/node/v6.9.1/lib/node_modules/npm/node_modules/npm-registry-client/lib/request.js:302:12)
40 verbose stack     at CachingRegistryClient.<anonymous> (/home/fabio/.nvm/versions/node/v6.9.1/lib/node_modules/npm/node_modules/npm-registry-client/lib/request.js:290:14)
40 verbose stack     at Request._callback (/home/fabio/.nvm/versions/node/v6.9.1/lib/node_modules/npm/node_modules/npm-registry-client/lib/request.js:210:14)
40 verbose stack     at Request.self.callback (/home/fabio/.nvm/versions/node/v6.9.1/lib/node_modules/npm/node_modules/request/request.js:187:22)
40 verbose stack     at emitTwo (events.js:106:13)
40 verbose stack     at Request.emit (events.js:191:7)
40 verbose stack     at Request.<anonymous> (/home/fabio/.nvm/versions/node/v6.9.1/lib/node_modules/npm/node_modules/request/request.js:1044:10)
40 verbose stack     at emitOne (events.js:96:13)
40 verbose stack     at Request.emit (events.js:188:7)
40 verbose stack     at IncomingMessage.<anonymous> (/home/fabio/.nvm/versions/node/v6.9.1/lib/node_modules/npm/node_modules/request/request.js:965:12)
41 verbose statusCode 403
42 verbose pkgid every-index-of
43 verbose cwd /home/fabio/Projects/every-index-of
44 error Linux 4.4.0-47-generic
45 error argv "/home/fabio/.nvm/versions/node/v6.9.1/bin/node" "/home/fabio/.nvm/versions/node/v6.9.1/bin/npm" "publish"
46 error node v6.9.1
47 error npm  v3.10.8
48 error code E403
49 error "You cannot publish over the previously published version 1.2.0." : every-index-of
50 error If you need help, you may report this error at:
50 error     <https://github.com/npm/npm/issues>
51 verbose exit [ 1, true ]
